{"logTime": "0702/153115", "correlationVector":"b2MSO6xvbNmgtlJYCLZD2T.1","action":"SyncServerConnectionManagerRequest", "result":"SYNC_SERVER_OK", "context":{"environment":"Prod_SoutheastAsia_000j", "migrationStage":"NotStarted", "server":"GENERAL03000035"}}
{"logTime": "0702/153115", "correlationVector":"ggZpEOsy3bhYMhdEl8+hGb","action":"SyncServerConnectionManagerRequest", "result":"SYNC_SERVER_OK", "context":{"environment":"", "migrationStage":"", "server":""}}
{"logTime": "0702/153115", "correlationVector":"b2MSO6xvbNmgtlJYCLZD2T","action":"Initial GetUpdates", "result":"", "context":Reason: NEW_CLIENT. cV=b2MSO6xvbNmgtlJYCLZD2T}
{"logTime": "0702/153115", "correlationVector":"b2MSO6xvbNmgtlJYCLZD2T.2","action":"GetUpdates Response", "result":"Success", "context":Received 1 update(s). cV=b2MSO6xvbNmgtlJYCLZD2T.0;server=GENERAL03000035;cloudType=Consumer;environment=Prod_SoutheastAsia_000j;migrationStage=NotStarted}
{"logTime": "0702/153130", "correlationVector":"BkdQ/n6zTHnQ3gw+A6aS5+","action":"Initial GetUpdates", "result":"", "context":Reason: NEW_CLIENT. cV=BkdQ/n6zTHnQ3gw+A6aS5+}
{"logTime": "0702/153131", "correlationVector":"BkdQ/n6zTHnQ3gw+A6aS5+.1","action":"SyncServerConnectionManagerRequest", "result":"SYNC_SERVER_OK", "context":{"environment":"Prod_SoutheastAsia_000j", "migrationStage":"NotStarted", "server":"GENERAL0100001H"}}
{"logTime": "0702/153131", "correlationVector":"BkdQ/n6zTHnQ3gw+A6aS5+.2","action":"GetUpdates Response", "result":"Success", "context":Received 12 update(s). cV=BkdQ/n6zTHnQ3gw+A6aS5+.0;server=GENERAL0100001H;cloudType=Consumer;environment=Prod_SoutheastAsia_000j;migrationStage=NotStarted}
{"logTime": "0702/153131", "correlationVector":"WIic+9HKnm5rOVI0oaJYjK","action":"Normal GetUpdate request", "result":"", "context":cV=WIic+9HKnm5rOVI0oaJYjK
Nudged types: Device Info, User Consents
Refresh requested types: Device Info, User Consents, Send Tab To Self, Encryption Keys}
{"logTime": "0702/153131", "correlationVector":"WIic+9HKnm5rOVI0oaJYjK.1","action":"SyncServerConnectionManagerRequest", "result":"SYNC_SERVER_OK", "context":{"environment":"Prod_SoutheastAsia_000j", "migrationStage":"NotStarted", "server":"GENERAL03000032"}}
{"logTime": "0702/153131", "correlationVector":"WIic+9HKnm5rOVI0oaJYjK.2","action":"GetUpdates Response", "result":"Success", "context":Received 0 update(s). cV=WIic+9HKnm5rOVI0oaJYjK.0;server=GENERAL03000032;cloudType=Consumer;environment=Prod_SoutheastAsia_000j;migrationStage=NotStarted}
{"logTime": "0702/153131", "correlationVector":"IniW8fNEsj6L4X4NJgg6kf","action":"Commit Request", "result":"", "context":Item count: 2
Contributing types: Device Info, User Consents}
{"logTime": "0702/153131", "correlationVector":"IniW8fNEsj6L4X4NJgg6kf.1","action":"SyncServerConnectionManagerRequest", "result":"SYNC_SERVER_OK", "context":{"environment":"Prod_SoutheastAsia_000j", "migrationStage":"NotStarted", "server":"GENERAL01000019"}}
{"logTime": "0702/153131", "correlationVector":"IniW8fNEsj6L4X4NJgg6kf.2","action":"Commit Response", "result":"Success", "context":Result: Success. cV=IniW8fNEsj6L4X4NJgg6kf.0;server=GENERAL01000019;cloudType=Consumer;environment=Prod_SoutheastAsia_000j;migrationStage=NotStarted}
{"logTime": "0702/153131", "correlationVector":"JlMVp75Dm7FcS8OQL9Y3Cn","action":"Normal GetUpdate request", "result":"", "context":cV=JlMVp75Dm7FcS8OQL9Y3Cn
Nudged types: Device Info}
{"logTime": "0702/153132", "correlationVector":"JlMVp75Dm7FcS8OQL9Y3Cn.1","action":"SyncServerConnectionManagerRequest", "result":"SYNC_SERVER_OK", "context":{"environment":"Prod_SoutheastAsia_000j", "migrationStage":"NotStarted", "server":"GENERAL01000003"}}
{"logTime": "0702/153132", "correlationVector":"JlMVp75Dm7FcS8OQL9Y3Cn.2","action":"GetUpdates Response", "result":"Success", "context":Received 1 update(s). cV=JlMVp75Dm7FcS8OQL9Y3Cn.0;server=GENERAL01000003;cloudType=Consumer;environment=Prod_SoutheastAsia_000j;migrationStage=NotStarted}
{"logTime": "0702/153613", "correlationVector":"mbR3NQIb2dlJq+FRtEtewz","action":"Normal GetUpdate request", "result":"", "context":cV=mbR3NQIb2dlJq+FRtEtewz
Refresh requested types: Device Info, User Consents, Send Tab To Self, Encryption Keys}
{"logTime": "0702/153614", "correlationVector":"mbR3NQIb2dlJq+FRtEtewz.1","action":"SyncServerConnectionManagerRequest", "result":"SYNC_SERVER_OK", "context":{"environment":"Prod_SoutheastAsia_000j", "migrationStage":"NotStarted", "server":"GENERAL0300000A"}}
{"logTime": "0702/153614", "correlationVector":"mbR3NQIb2dlJq+FRtEtewz.2","action":"GetUpdates Response", "result":"Success", "context":Received 0 update(s). cV=mbR3NQIb2dlJq+FRtEtewz.0;server=GENERAL0300000A;cloudType=Consumer;environment=Prod_SoutheastAsia_000j;migrationStage=NotStarted}
{"logTime": "0703/103015", "correlationVector":"qkNwcBqY8L9mdWtLZ8oI51.1","action":"SyncServerConnectionManagerRequest", "result":"SYNC_SERVER_OK", "context":{"environment":"Prod_SoutheastAsia_000j", "migrationStage":"NotStarted", "server":"GENERAL0300000Q"}}
{"logTime": "0703/103016", "correlationVector":"3LCoOvH5OV60+9jgAIeK5e","action":"SyncServerConnectionManagerRequest", "result":"SYNC_SERVER_OK", "context":{"environment":"", "migrationStage":"", "server":""}}
{"logTime": "0703/103016", "correlationVector":"qkNwcBqY8L9mdWtLZ8oI51","action":"Initial GetUpdates", "result":"", "context":Reason: NEW_CLIENT. cV=qkNwcBqY8L9mdWtLZ8oI51}
{"logTime": "0703/103016", "correlationVector":"qkNwcBqY8L9mdWtLZ8oI51.2","action":"GetUpdates Response", "result":"Success", "context":Received 1 update(s). cV=qkNwcBqY8L9mdWtLZ8oI51.0;server=GENERAL0300000Q;cloudType=Consumer;environment=Prod_SoutheastAsia_000j;migrationStage=NotStarted}
{"logTime": "0703/103016", "correlationVector":"xwgw6ETXNpLGYwtWFGWRF8","action":"Normal GetUpdate request", "result":"", "context":cV=xwgw6ETXNpLGYwtWFGWRF8
Refresh requested types: Device Info, User Consents, Send Tab To Self, Encryption Keys}
{"logTime": "0703/103016", "correlationVector":"xwgw6ETXNpLGYwtWFGWRF8.1","action":"SyncServerConnectionManagerRequest", "result":"SYNC_SERVER_OK", "context":{"environment":"Prod_SoutheastAsia_000j", "migrationStage":"NotStarted", "server":"GENERAL0300001H"}}
{"logTime": "0703/103016", "correlationVector":"xwgw6ETXNpLGYwtWFGWRF8.2","action":"GetUpdates Response", "result":"Success", "context":Received 1 update(s). cV=xwgw6ETXNpLGYwtWFGWRF8.0;server=GENERAL0300001H;cloudType=Consumer;environment=Prod_SoutheastAsia_000j;migrationStage=NotStarted}
{"logTime": "0703/103016", "correlationVector":"TcbGJ2CLvLedSH9+CQc2dN","action":"Poll GetUpdate request", "result":"", "context":cV=TcbGJ2CLvLedSH9+CQc2dN}
{"logTime": "0703/103016", "correlationVector":"TcbGJ2CLvLedSH9+CQc2dN.1","action":"SyncServerConnectionManagerRequest", "result":"SYNC_SERVER_OK", "context":{"environment":"Prod_SoutheastAsia_000j", "migrationStage":"NotStarted", "server":"GENERAL0100001E"}}
{"logTime": "0703/103016", "correlationVector":"TcbGJ2CLvLedSH9+CQc2dN.2","action":"GetUpdates Response", "result":"Success", "context":Received 0 update(s). cV=TcbGJ2CLvLedSH9+CQc2dN.0;server=GENERAL0100001E;cloudType=Consumer;environment=Prod_SoutheastAsia_000j;migrationStage=NotStarted}
{"logTime": "0703/103514", "correlationVector":"PPzvs959CTWzyllrP5lV7h","action":"Normal GetUpdate request", "result":"", "context":cV=PPzvs959CTWzyllrP5lV7h
Refresh requested types: Device Info, User Consents, Send Tab To Self, Encryption Keys}
{"logTime": "0703/103515", "correlationVector":"PPzvs959CTWzyllrP5lV7h.1","action":"SyncServerConnectionManagerRequest", "result":"SYNC_SERVER_OK", "context":{"environment":"Prod_SoutheastAsia_000j", "migrationStage":"NotStarted", "server":"GENERAL03000032"}}
{"logTime": "0703/103515", "correlationVector":"PPzvs959CTWzyllrP5lV7h.2","action":"GetUpdates Response", "result":"Success", "context":Received 0 update(s). cV=PPzvs959CTWzyllrP5lV7h.0;server=GENERAL03000032;cloudType=Consumer;environment=Prod_SoutheastAsia_000j;migrationStage=NotStarted}
